<?xml version="1.0" encoding="UTF-8" ?>
<testsuites>
 <testsuite name="createorgination" timestamp="2017-11-13T19:21:00" hostname="localhost" time="455.957" errors="0" tests="1" skipped="0" disabled="0" failures="1">
  <testcase classname="createorgination" name="create Curriculum With Two Section One with majoractivities And Another With Schduled" time="440.819">
   <failure type="exception" message="Failed: element not visible
  (Session info: chrome=63.0.3239.40)
  (Driver info: chromedriver=2.33.506120 (e3e53437346286c0bc2d2dc9aa4915ba81d9023f),platform=Windows NT 6.3.9600 x86_64)"><![CDATA[ElementNotVisibleError: element not visible
  (Session info: chrome=63.0.3239.40)
  (Driver info: chromedriver=2.33.506120 (e3e53437346286c0bc2d2dc9aa4915ba81d9023f),platform=Windows NT 6.3.9600 x86_64)
    at WebDriverError (C:\Users\Mvision\AppData\Roaming\npm\node_modules\protractor\node_modules\selenium-webdriver\lib\error.js:27:5)
    at ElementNotVisibleError (C:\Users\Mvision\AppData\Roaming\npm\node_modules\protractor\node_modules\selenium-webdriver\lib\error.js:53:5)
    at Object.checkLegacyResponse (C:\Users\Mvision\AppData\Roaming\npm\node_modules\protractor\node_modules\selenium-webdriver\lib\error.js:505:15)
    at parseHttpResponse (C:\Users\Mvision\AppData\Roaming\npm\node_modules\protractor\node_modules\selenium-webdriver\lib\http.js:509:13)
    at doSend.then.response (C:\Users\Mvision\AppData\Roaming\npm\node_modules\protractor\node_modules\selenium-webdriver\lib\http.js:440:13)
    at process._tickCallback (internal/process/next_tick.js:109:7)
From: Task: WebElement.sendKeys()
    at thenableWebDriverProxy.schedule (C:\Users\Mvision\AppData\Roaming\npm\node_modules\protractor\node_modules\selenium-webdriver\lib\webdriver.js:816:17)
    at WebElement.schedule_ (C:\Users\Mvision\AppData\Roaming\npm\node_modules\protractor\node_modules\selenium-webdriver\lib\webdriver.js:1921:25)
    at WebElement.sendKeys (C:\Users\Mvision\AppData\Roaming\npm\node_modules\protractor\node_modules\selenium-webdriver\lib\webdriver.js:2084:19)
    at actionFn (C:\Users\Mvision\AppData\Roaming\npm\node_modules\protractor\lib\element.ts:94:34)
    at Array.map (native)
    at actionResults.getWebElements.then (C:\Users\Mvision\AppData\Roaming\npm\node_modules\protractor\lib\element.ts:484:67)
    at ManagedPromise.invokeCallback_ (C:\Users\Mvision\AppData\Roaming\npm\node_modules\protractor\node_modules\selenium-webdriver\lib\promise.js:1366:14)
    at TaskQueue.execute_ (C:\Users\Mvision\AppData\Roaming\npm\node_modules\protractor\node_modules\selenium-webdriver\lib\promise.js:2970:14)
    at TaskQueue.executeNext_ (C:\Users\Mvision\AppData\Roaming\npm\node_modules\protractor\node_modules\selenium-webdriver\lib\promise.js:2953:27)
    at asyncRun (C:\Users\Mvision\AppData\Roaming\npm\node_modules\protractor\node_modules\selenium-webdriver\lib\promise.js:2813:27)Error
    at ElementArrayFinder.applyAction_ (C:\Users\Mvision\AppData\Roaming\npm\node_modules\protractor\lib\element.ts:482:23)
    at ElementArrayFinder.(anonymous function) [as sendKeys] (C:\Users\Mvision\AppData\Roaming\npm\node_modules\protractor\lib\element.ts:96:21)
    at ElementFinder.(anonymous function) [as sendKeys] (C:\Users\Mvision\AppData\Roaming\npm\node_modules\protractor\lib\element.ts:873:14)
    at curriculumPages.enterModuleName (E:\Rk\gitfiles\automation\Admin\pages\curriculum-pages.js:100:14)
    at Object.createModule (E:\Rk\gitfiles\automation\Admin\modules\curriculumCreation.js:35:22)
    at Object.createCulumWithAllActivitiesAndMajor (E:\Rk\gitfiles\automation\Admin\modules\curriculumCreation.js:890:9)
    at UserContext.<anonymous> (E:\Rk\gitfiles\automation\Admin\specs\curriculum-spec.js:23:15)
    at C:\Users\Mvision\AppData\Roaming\npm\node_modules\protractor\node_modules\jasminewd2\index.js:112:25
    at new ManagedPromise (C:\Users\Mvision\AppData\Roaming\npm\node_modules\protractor\node_modules\selenium-webdriver\lib\promise.js:1067:7)
    at ControlFlow.promise (C:\Users\Mvision\AppData\Roaming\npm\node_modules\protractor\node_modules\selenium-webdriver\lib\promise.js:2396:12)
From: Task: Run it("create Curriculum With Two Section One with majoractivities And Another With Schduled") in control flow
    at UserContext.<anonymous> (C:\Users\Mvision\AppData\Roaming\npm\node_modules\protractor\node_modules\jasminewd2\index.js:94:19)
    at attempt (C:\Users\Mvision\AppData\Roaming\npm\node_modules\protractor\node_modules\jasmine-core\lib\jasmine-core\jasmine.js:4297:26)
    at QueueRunner.run (C:\Users\Mvision\AppData\Roaming\npm\node_modules\protractor\node_modules\jasmine-core\lib\jasmine-core\jasmine.js:4217:20)
    at QueueRunner.execute (C:\Users\Mvision\AppData\Roaming\npm\node_modules\protractor\node_modules\jasmine-core\lib\jasmine-core\jasmine.js:4199:10)
    at Spec.queueRunnerFactory (C:\Users\Mvision\AppData\Roaming\npm\node_modules\protractor\node_modules\jasmine-core\lib\jasmine-core\jasmine.js:909:35)
    at Spec.execute (C:\Users\Mvision\AppData\Roaming\npm\node_modules\protractor\node_modules\jasmine-core\lib\jasmine-core\jasmine.js:526:10)
    at UserContext.fn (C:\Users\Mvision\AppData\Roaming\npm\node_modules\protractor\node_modules\jasmine-core\lib\jasmine-core\jasmine.js:5340:37)
    at attempt (C:\Users\Mvision\AppData\Roaming\npm\node_modules\protractor\node_modules\jasmine-core\lib\jasmine-core\jasmine.js:4297:26)
    at QueueRunner.run (C:\Users\Mvision\AppData\Roaming\npm\node_modules\protractor\node_modules\jasmine-core\lib\jasmine-core\jasmine.js:4217:20)
    at runNext (C:\Users\Mvision\AppData\Roaming\npm\node_modules\protractor\node_modules\jasmine-core\lib\jasmine-core\jasmine.js:4257:20)
From asynchronous test: 
Error
    at Suite.<anonymous> (E:\Rk\gitfiles\automation\Admin\specs\curriculum-spec.js:22:2)
    at addSpecsToSuite (C:\Users\Mvision\AppData\Roaming\npm\node_modules\protractor\node_modules\jasmine-core\lib\jasmine-core\jasmine.js:1107:25)
    at Env.describe (C:\Users\Mvision\AppData\Roaming\npm\node_modules\protractor\node_modules\jasmine-core\lib\jasmine-core\jasmine.js:1074:7)
    at describe (C:\Users\Mvision\AppData\Roaming\npm\node_modules\protractor\node_modules\jasmine-core\lib\jasmine-core\jasmine.js:4399:18)
    at Object.<anonymous> (E:\Rk\gitfiles\automation\Admin\specs\curriculum-spec.js:9:1)
    at Module._compile (module.js:570:32)
    at Object.Module._extensions..js (module.js:579:10)
    at Module.load (module.js:487:32)
    at tryModuleLoad (module.js:446:12)]]>
   </failure>
  </testcase>
 </testsuite>
</testsuites>